#
# A fatal error has been detected by the Java Runtime Environment:
#
#  EXCEPTION_ACCESS_VIOLATION (0xc0000005) at pc=0x000000005ec78ae9, pid=17060, tid=17576
#
# JRE version: Java(TM) SE Runtime Environment (8.0_73-b02) (build 1.8.0_73-b02)
# Java VM: Java HotSpot(TM) 64-Bit Server VM (25.73-b02 mixed mode windows-amd64 compressed oops)
# Problematic frame:
# V  [jvm.dll+0x128ae9]
#
# Failed to write core dump. Minidumps are not enabled by default on client versions of Windows
#
# If you would like to submit a bug report, please visit:
#   http://bugreport.java.com/bugreport/crash.jsp
#

---------------  T H R E A D  ---------------

Current thread (0x00000000178c0800):  JavaThread "JDWP Transport Listener: dt_socket" daemon [_thread_in_vm, id=17576, stack(0x0000000018e50000,0x0000000018f50000)]

siginfo: ExceptionCode=0xc0000005, reading address 0x0000001ea9f6af11

Registers:
RAX=0x0000000018f4f501, RBX=0x00000000d8335430, RCX=0x00000000d8335430, RDX=0x0000001ea9f6af01
RSP=0x0000000018f4f4f0, RBP=0x00000000178c2bb0, RSI=0x0000000018f4f608, RDI=0x0000000000e58310
R8 =0x00000000178c0800, R9 =0x0000000000008000, R10=0x0000000000000000, R11=0x0000000019f09649
R12=0x0000000000000000, R13=0x00000000178ca0b8, R14=0x0000000000000000, R15=0x0000000000000000
RIP=0x000000005ec78ae9, EFLAGS=0x0000000000010216

Top of Stack: (sp=0x0000000018f4f4f0)
0x0000000018f4f4f0:   00000000178c0800 00000000178c0800
0x0000000018f4f500:   0000000018f4f5b8 000000005ee7e34b
0x0000000018f4f510:   00000000178c0800 000000005ee9abad
0x0000000018f4f520:   0000000000000000 000000005ea49155
0x0000000018f4f530:   0000000019f14c50 000000005ea5291e
0x0000000018f4f540:   00000000178c0800 0000000000000000
0x0000000018f4f550:   0000000000000000 0000000000000000
0x0000000018f4f560:   00000000178c2bb0 000000005ea51a15
0x0000000018f4f570:   0000000018f4f608 0000000018f4f5e0
0x0000000018f4f580:   0000000000000001 0000000019f14c50
0x0000000018f4f590:   00000000178c2bb0 000000005ea353b3
0x0000000018f4f5a0:   0000000018f4f6d0 0000000000000001
0x0000000018f4f5b0:   0000000000000001 0000000019f14c50
0x0000000018f4f5c0:   00000000f000100a 0000000000000000
0x0000000018f4f5d0:   0000000000000000 0000000000000000
0x0000000018f4f5e0:   0000000000000001 000000005ea35571 

Instructions: (pc=0x000000005ec78ae9)
0x000000005ec78ac9:   33 c0 48 83 c4 28 c3 48 89 5c 24 20 48 8b 19 48
0x000000005ec78ad9:   85 db 74 20 48 83 fb 37 74 1a 48 8b 13 48 8b cb
0x000000005ec78ae9:   ff 52 10 84 c0 74 0d 48 8b c3 48 8b 5c 24 20 48
0x000000005ec78af9:   83 c4 28 c3 33 c0 48 8b 5c 24 20 48 83 c4 28 c3 


Register to memory mapping:

RAX=0x0000000018f4f501 is pointing into the stack for thread: 0x00000000178c0800
RBX=0x00000000d8335430 is an oop
java.lang.Class 
 - klass: 'java/lang/Class'
RCX=0x00000000d8335430 is an oop
java.lang.Class 
 - klass: 'java/lang/Class'
RDX=0x0000001ea9f6af01 is an unknown value
RSP=0x0000000018f4f4f0 is pointing into the stack for thread: 0x00000000178c0800
RBP=0x00000000178c2bb0 is an unknown value
RSI=0x0000000018f4f608 is pointing into the stack for thread: 0x00000000178c0800
RDI=0x0000000000e58310 is an unknown value
R8 =0x00000000178c0800 is a thread
R9 =0x0000000000008000 is an unknown value
R10=0x0000000000000000 is an unknown value
R11=0x0000000019f09649 is an unknown value
R12=0x0000000000000000 is an unknown value
R13=0x00000000178ca0b8 is an unknown value
R14=0x0000000000000000 is an unknown value
R15=0x0000000000000000 is an unknown value


Stack: [0x0000000018e50000,0x0000000018f50000],  sp=0x0000000018f4f4f0,  free space=1021k
Native frames: (J=compiled Java code, j=interpreted, Vv=VM code, C=native code)
V  [jvm.dll+0x128ae9]
V  [jvm.dll+0x34abad]
C  [jdwp.dll+0x21a15]
C  [jdwp.dll+0x53b3]
C  [jdwp.dll+0x5571]
C  [jdwp.dll+0xf0a8]
C  [jdwp.dll+0x1f2d5]
C  [jdwp.dll+0x1f4aa]
V  [jvm.dll+0x1bbb58]
V  [jvm.dll+0x243234]
V  [jvm.dll+0x29a10a]
C  [msvcr100.dll+0x21d9f]
C  [msvcr100.dll+0x21e3b]
C  [KERNEL32.DLL+0x8364]
C  [ntdll.dll+0x67091]


---------------  P R O C E S S  ---------------

Java Threads: ( => current thread )
  0x00000000193a0800 JavaThread "Service Thread" daemon [_thread_blocked, id=9712, stack(0x0000000019850000,0x0000000019950000)]
  0x0000000017906000 JavaThread "C1 CompilerThread2" daemon [_thread_blocked, id=11024, stack(0x0000000019750000,0x0000000019850000)]
  0x00000000178e1000 JavaThread "C2 CompilerThread1" daemon [_thread_blocked, id=13044, stack(0x0000000019250000,0x0000000019350000)]
  0x00000000178e0000 JavaThread "C2 CompilerThread0" daemon [_thread_blocked, id=16140, stack(0x0000000019150000,0x0000000019250000)]
  0x00000000178d0000 JavaThread "JDWP Command Reader" daemon [_thread_in_native, id=1908, stack(0x0000000019050000,0x0000000019150000)]
  0x00000000178cf000 JavaThread "JDWP Event Helper Thread" daemon [_thread_blocked, id=8052, stack(0x0000000018f50000,0x0000000019050000)]
=>0x00000000178c0800 JavaThread "JDWP Transport Listener: dt_socket" daemon [_thread_in_vm, id=17576, stack(0x0000000018e50000,0x0000000018f50000)]
  0x00000000178b5800 JavaThread "Attach Listener" daemon [_thread_blocked, id=6624, stack(0x0000000018d10000,0x0000000018e10000)]
  0x00000000178b4000 JavaThread "Signal Dispatcher" daemon [_thread_blocked, id=9512, stack(0x0000000018c10000,0x0000000018d10000)]
  0x0000000002c8b800 JavaThread "Finalizer" daemon [_thread_blocked, id=10512, stack(0x0000000018b10000,0x0000000018c10000)]
  0x0000000002c82800 JavaThread "Reference Handler" daemon [_thread_blocked, id=8712, stack(0x0000000018a10000,0x0000000018b10000)]
  0x0000000002b96800 JavaThread "main" [_thread_blocked, id=1100, stack(0x0000000002a90000,0x0000000002b90000)]

Other Threads:
  0x0000000017878800 VMThread [stack: 0x0000000018910000,0x0000000018a10000] [id=18280]
  0x00000000193eb000 WatcherThread [stack: 0x0000000019950000,0x0000000019a50000] [id=17668]

VM state:not at safepoint (normal execution)

VM Mutex/Monitor currently owned by a thread: None

Heap:
 PSYoungGen      total 305664K, used 120796K [0x00000000d5580000, 0x00000000eaa80000, 0x0000000100000000)
  eden space 262144K, 46% used [0x00000000d5580000,0x00000000dcb773d8,0x00000000e5580000)
  from space 43520K, 0% used [0x00000000e8000000,0x00000000e8000000,0x00000000eaa80000)
  to   space 43520K, 0% used [0x00000000e5580000,0x00000000e5580000,0x00000000e8000000)
 ParOldGen       total 699392K, used 0K [0x0000000080000000, 0x00000000aab00000, 0x00000000d5580000)
  object space 699392K, 0% used [0x0000000080000000,0x0000000080000000,0x00000000aab00000)
 Metaspace       used 10054K, capacity 10154K, committed 10240K, reserved 1058816K
  class space    used 1227K, capacity 1265K, committed 1280K, reserved 1048576K

Card table byte_map: [0x0000000012050000,0x0000000012460000] byte_map_base: 0x0000000011c50000

Marking Bits: (ParMarkBitMap*) 0x000000005f360600
 Begin Bits: [0x0000000012b10000, 0x0000000014b10000)
 End Bits:   [0x0000000014b10000, 0x0000000016b10000)

Polling page: 0x0000000000e30000

CodeCache: size=245760Kb used=1329Kb max_used=1329Kb free=244430Kb
 bounds [0x0000000002c90000, 0x0000000002f00000, 0x0000000011c90000]
 total_blobs=434 nmethods=114 adapters=241
 compilation: enabled

Compilation events (10 events):
Event: 0.307 Thread 0x0000000017906000  110       3       java.util.jar.Attributes$Name::isAlpha (30 bytes)
Event: 0.307 Thread 0x0000000017906000 nmethod 110 0x0000000002dcc250 code [0x0000000002dcc3c0, 0x0000000002dcc5f0]
Event: 0.307 Thread 0x0000000017906000  111       3       sun.misc.ASCIICaseInsensitiveComparator::toLower (16 bytes)
Event: 0.307 Thread 0x0000000017906000 nmethod 111 0x0000000002dcbbd0 code [0x0000000002dcbd40, 0x0000000002dcbf90]
Event: 0.307 Thread 0x0000000017906000  112       3       sun.misc.ASCIICaseInsensitiveComparator::isUpper (18 bytes)
Event: 0.307 Thread 0x0000000017906000 nmethod 112 0x0000000002dcb850 code [0x0000000002dcb9a0, 0x0000000002dcbb50]
Event: 0.308 Thread 0x0000000017906000  113       3       java.lang.String::toLowerCase (8 bytes)
Event: 0.308 Thread 0x0000000017906000 nmethod 113 0x0000000002dcb390 code [0x0000000002dcb500, 0x0000000002dcb788]
Event: 0.308 Thread 0x0000000017906000  114       3       java.util.Locale::getDefault (4 bytes)
Event: 0.308 Thread 0x0000000017906000 nmethod 114 0x0000000002dce950 code [0x0000000002dceaa0, 0x0000000002dcebf0]

GC Heap History (0 events):
No events

Deoptimization events (1 events):
Event: 0.246 Thread 0x0000000002b96800 Uncommon trap: reason=unstable_if action=reinterpret pc=0x0000000002da089c method=java.lang.String.hashCode()I @ 14

Internal exceptions (10 events):
Event: 10.480 Thread 0x0000000002b96800 Exception <a 'java/security/PrivilegedActionException'> (0x00000000d7955a20) thrown at [D:\re\puppet\workspace\8-2-build-windows-amd64-cygwin\jdk8u73\6086\hotspot\src\share\vm\prims\jvm.cpp, line 1386]
Event: 10.481 Thread 0x0000000002b96800 Exception <a 'java/security/PrivilegedActionException'> (0x00000000d7955e18) thrown at [D:\re\puppet\workspace\8-2-build-windows-amd64-cygwin\jdk8u73\6086\hotspot\src\share\vm\prims\jvm.cpp, line 1386]
Event: 10.506 Thread 0x0000000002b96800 Exception <a 'java/security/PrivilegedActionException'> (0x00000000d7972038) thrown at [D:\re\puppet\workspace\8-2-build-windows-amd64-cygwin\jdk8u73\6086\hotspot\src\share\vm\prims\jvm.cpp, line 1386]
Event: 10.507 Thread 0x0000000002b96800 Exception <a 'java/security/PrivilegedActionException'> (0x00000000d7972430) thrown at [D:\re\puppet\workspace\8-2-build-windows-amd64-cygwin\jdk8u73\6086\hotspot\src\share\vm\prims\jvm.cpp, line 1386]
Event: 10.518 Thread 0x0000000002b96800 Exception <a 'java/security/PrivilegedActionException'> (0x00000000d797d218) thrown at [D:\re\puppet\workspace\8-2-build-windows-amd64-cygwin\jdk8u73\6086\hotspot\src\share\vm\prims\jvm.cpp, line 1386]
Event: 10.519 Thread 0x0000000002b96800 Exception <a 'java/security/PrivilegedActionException'> (0x00000000d797d610) thrown at [D:\re\puppet\workspace\8-2-build-windows-amd64-cygwin\jdk8u73\6086\hotspot\src\share\vm\prims\jvm.cpp, line 1386]
Event: 10.530 Thread 0x0000000002b96800 Exception <a 'java/security/PrivilegedActionException'> (0x00000000d7988630) thrown at [D:\re\puppet\workspace\8-2-build-windows-amd64-cygwin\jdk8u73\6086\hotspot\src\share\vm\prims\jvm.cpp, line 1386]
Event: 10.531 Thread 0x0000000002b96800 Exception <a 'java/security/PrivilegedActionException'> (0x00000000d7988a28) thrown at [D:\re\puppet\workspace\8-2-build-windows-amd64-cygwin\jdk8u73\6086\hotspot\src\share\vm\prims\jvm.cpp, line 1386]
Event: 10.542 Thread 0x0000000002b96800 Exception <a 'java/security/PrivilegedActionException'> (0x00000000d7993e68) thrown at [D:\re\puppet\workspace\8-2-build-windows-amd64-cygwin\jdk8u73\6086\hotspot\src\share\vm\prims\jvm.cpp, line 1386]
Event: 10.542 Thread 0x0000000002b96800 Exception <a 'java/security/PrivilegedActionException'> (0x00000000d7994260) thrown at [D:\re\puppet\workspace\8-2-build-windows-amd64-cygwin\jdk8u73\6086\hotspot\src\share\vm\prims\jvm.cpp, line 1386]

Events (10 events):
Event: 443.777 Executing VM operation: GetCurrentLocation
Event: 443.777 Executing VM operation: GetCurrentLocation done
Event: 443.777 Executing VM operation: EnterInterpOnlyMode
Event: 443.777 Executing VM operation: EnterInterpOnlyMode done
Event: 443.777 Executing VM operation: ChangeSingleStep
Event: 443.777 Executing VM operation: ChangeSingleStep done
Event: 443.777 Executing VM operation: ChangeSingleStep
Event: 443.777 Executing VM operation: ChangeSingleStep done
Event: 443.782 Executing VM operation: RedefineClasses
Event: 443.783 Executing VM operation: RedefineClasses done


Dynamic libraries:
0x00007ff7ac270000 - 0x00007ff7ac2a7000 	C:\azdev\env\java\jdk1.8.0_73\bin\javaw.exe
0x00007ffcb8370000 - 0x00007ffcb8542000 	C:\windows\SYSTEM32\ntdll.dll
0x00007ffcb8190000 - 0x00007ffcb823c000 	C:\windows\System32\KERNEL32.DLL
0x00007ffcb5610000 - 0x00007ffcb582d000 	C:\windows\System32\KERNELBASE.dll
0x0000000060560000 - 0x00000000605e9000 	C:\windows\System32\SYSFER.DLL
0x00007ffcb5c70000 - 0x00007ffcb5d12000 	C:\windows\System32\ADVAPI32.dll
0x00007ffcb5a70000 - 0x00007ffcb5b0e000 	C:\windows\System32\msvcrt.dll
0x00007ffcb5c10000 - 0x00007ffcb5c69000 	C:\windows\System32\sechost.dll
0x00007ffcb6150000 - 0x00007ffcb6271000 	C:\windows\System32\RPCRT4.dll
0x00007ffcb5900000 - 0x00007ffcb5a65000 	C:\windows\System32\USER32.dll
0x00007ffcb58e0000 - 0x00007ffcb58fe000 	C:\windows\System32\win32u.dll
0x00007ffcb8240000 - 0x00007ffcb8274000 	C:\windows\System32\GDI32.dll
0x00007ffcb53d0000 - 0x00007ffcb5550000 	C:\windows\System32\gdi32full.dll
0x00007ffca8ba0000 - 0x00007ffca8e1a000 	C:\windows\WinSxS\amd64_microsoft.windows.common-controls_6595b64144ccf1df_6.0.14393.953_none_42151e83c686086b\COMCTL32.dll
0x00007ffcb6280000 - 0x00007ffcb6548000 	C:\windows\System32\combase.dll
0x00007ffcb4aa0000 - 0x00007ffcb4b95000 	C:\windows\System32\ucrtbase.dll
0x00007ffcb55a0000 - 0x00007ffcb560a000 	C:\windows\System32\bcryptPrimitives.dll
0x00007ffcb8160000 - 0x00007ffcb818e000 	C:\windows\System32\IMM32.DLL
0x00007ffcb4510000 - 0x00007ffcb467b000 	C:\Program Files\Avecto\Privilege Guard Client\PGHook.dll
0x00007ffcb44f0000 - 0x00007ffcb4507000 	C:\windows\SYSTEM32\CRYPTSP.dll
0x00007ffcb44b0000 - 0x00007ffcb44e3000 	C:\windows\system32\rsaenh.dll
0x00007ffcb4680000 - 0x00007ffcb46ab000 	C:\windows\SYSTEM32\bcrypt.dll
0x00007ffcb44a0000 - 0x00007ffcb44ab000 	C:\windows\SYSTEM32\CRYPTBASE.dll
0x00007ffcb8280000 - 0x00007ffcb8288000 	C:\windows\System32\PSAPI.DLL
0x0000000068000000 - 0x0000000068057000 	C:\windows\System32\QIPCAP64.dll
0x00007ffcb6be0000 - 0x00007ffcb80e8000 	C:\windows\System32\SHELL32.dll
0x00007ffcb5550000 - 0x00007ffcb5592000 	C:\windows\System32\cfgmgr32.dll
0x00007ffcb4c40000 - 0x00007ffcb531a000 	C:\windows\System32\windows.storage.dll
0x00007ffcb4800000 - 0x00007ffcb484c000 	C:\windows\System32\powrprof.dll
0x00007ffcb6850000 - 0x00007ffcb68a2000 	C:\windows\System32\shlwapi.dll
0x00007ffcb4860000 - 0x00007ffcb486f000 	C:\windows\System32\kernel.appcore.dll
0x00007ffcb5320000 - 0x00007ffcb53c9000 	C:\windows\System32\shcore.dll
0x00007ffcb47e0000 - 0x00007ffcb47f4000 	C:\windows\System32\profapi.dll
0x00007ffcb3d20000 - 0x00007ffcb3dc1000 	C:\windows\SYSTEM32\DNSAPI.dll
0x00007ffcb80f0000 - 0x00007ffcb815a000 	C:\windows\System32\WS2_32.dll
0x00007ffcb6950000 - 0x00007ffcb6958000 	C:\windows\System32\NSI.dll
0x00007ffcb3ce0000 - 0x00007ffcb3d18000 	C:\windows\SYSTEM32\IPHLPAPI.DLL
0x000000005f670000 - 0x000000005f742000 	C:\azdev\env\java\jdk1.8.0_73\jre\bin\msvcr100.dll
0x000000005eb50000 - 0x000000005f3e0000 	C:\azdev\env\java\jdk1.8.0_73\jre\bin\server\jvm.dll
0x00007ffca3cf0000 - 0x00007ffca3cf9000 	C:\windows\SYSTEM32\WSOCK32.dll
0x00007ffcb2750000 - 0x00007ffcb2773000 	C:\windows\SYSTEM32\WINMM.dll
0x00007ffca6070000 - 0x00007ffca607a000 	C:\windows\SYSTEM32\VERSION.dll
0x00007ffcb24a0000 - 0x00007ffcb24cb000 	C:\windows\SYSTEM32\WINMMBASE.dll
0x000000005f660000 - 0x000000005f66f000 	C:\azdev\env\java\jdk1.8.0_73\jre\bin\verify.dll
0x000000005f630000 - 0x000000005f659000 	C:\azdev\env\java\jdk1.8.0_73\jre\bin\java.dll
0x000000005ea30000 - 0x000000005ea65000 	C:\azdev\env\java\jdk1.8.0_73\jre\bin\jdwp.dll
0x000000005f470000 - 0x000000005f478000 	C:\azdev\env\java\jdk1.8.0_73\jre\bin\npt.dll
0x000000005f610000 - 0x000000005f626000 	C:\azdev\env\java\jdk1.8.0_73\jre\bin\zip.dll
0x00007ffc947a0000 - 0x00007ffc94802000 	C:\Program Files\Manufacturer\Endpoint Agent\prntm64.dll
0x000000001ca20000 - 0x000000001cb58000 	C:\windows\System32\ole32.dll
0x00007ffcb1780000 - 0x00007ffcb178c000 	C:\windows\SYSTEM32\Secur32.dll
0x00007ffca5e50000 - 0x00007ffca5ed6000 	C:\windows\SYSTEM32\WINSPOOL.DRV
0x00000000603f0000 - 0x0000000060488000 	C:\windows\SYSTEM32\MSVCP100.dll
0x00007ffcb42d0000 - 0x00007ffcb42fc000 	C:\windows\SYSTEM32\SSPICLI.DLL
0x000000005ea20000 - 0x000000005ea29000 	C:\azdev\env\java\jdk1.8.0_73\jre\bin\dt_socket.dll
0x00007ffc93700000 - 0x00007ffc93716000 	C:\windows\system32\napinsp.dll
0x00007ffc94690000 - 0x00007ffc946aa000 	C:\windows\system32\pnrpnsp.dll
0x00007ffcb2480000 - 0x00007ffcb2498000 	C:\windows\system32\NLAapi.dll
0x00007ffcb3f60000 - 0x00007ffcb3fbc000 	C:\windows\System32\mswsock.dll
0x00007ffc95710000 - 0x00007ffc9571e000 	C:\windows\System32\winrnr.dll
0x00007ffc946b0000 - 0x00007ffc946c5000 	C:\windows\System32\wshbth.dll
0x00000000602c0000 - 0x00000000602e6000 	C:\Program Files\Bonjour\mdnsNSP.dll
0x00007ffcabc10000 - 0x00007ffcabc7a000 	C:\windows\System32\fwpuclnt.dll
0x00007ffca00e0000 - 0x00007ffca00ea000 	C:\Windows\System32\rasadhlp.dll
0x00007ffcb02a0000 - 0x00007ffcb0432000 	C:\windows\SYSTEM32\dbghelp.dll

VM Arguments:
jvm_args: -agentlib:jdwp=transport=dt_socket,suspend=y,address=localhost:58315 -Xmx2048m -Xms1024m -Dfile.encoding=UTF-8 
java_command: com.accenture.analisifunzionale.AnalisiFunzionaleApplication
java_class_path (initial): C:\Users\margherita.spadoni\Desktop\analisi-funzionale\target\classes;C:\Users\margherita.spadoni\.m2\repository\org\apache\cxf\cxf-spring-boot-starter-jaxrs\3.1.11\cxf-spring-boot-starter-jaxrs-3.1.11.jar;C:\Users\margherita.spadoni\.m2\repository\org\springframework\boot\spring-boot-starter\1.4.7.RELEASE\spring-boot-starter-1.4.7.RELEASE.jar;C:\Users\margherita.spadoni\.m2\repository\org\springframework\boot\spring-boot\1.4.7.RELEASE\spring-boot-1.4.7.RELEASE.jar;C:\Users\margherita.spadoni\.m2\repository\org\springframework\boot\spring-boot-autoconfigure\1.4.7.RELEASE\spring-boot-autoconfigure-1.4.7.RELEASE.jar;C:\Users\margherita.spadoni\.m2\repository\org\springframework\boot\spring-boot-starter-logging\1.4.7.RELEASE\spring-boot-starter-logging-1.4.7.RELEASE.jar;C:\Users\margherita.spadoni\.m2\repository\ch\qos\logback\logback-classic\1.1.11\logback-classic-1.1.11.jar;C:\Users\margherita.spadoni\.m2\repository\ch\qos\logback\logback-core\1.1.11\logback-core-1.1.11.jar;C:\Users\margherita.spadoni\.m2\repository\org\slf4j\jul-to-slf4j\1.7.25\jul-to-slf4j-1.7.25.jar;C:\Users\margherita.spadoni\.m2\repository\org\slf4j\log4j-over-slf4j\1.7.25\log4j-over-slf4j-1.7.25.jar;C:\Users\margherita.spadoni\.m2\repository\org\yaml\snakeyaml\1.17\snakeyaml-1.17.jar;C:\Users\margherita.spadoni\.m2\repository\org\apache\cxf\cxf-spring-boot-autoconfigure\3.1.11\cxf-spring-boot-autoconfigure-3.1.11.jar;C:\Users\margherita.spadoni\.m2\repository\org\apache\cxf\cxf-rt-transports-http\3.1.11\cxf-rt-transports-http-3.1.11.jar;C:\Users\margherita.spadoni\.m2\repository\org\apache\cxf\cxf-core\3.1.11\cxf-core-3.1.11.jar;C:\Users\margherita.spadoni\.m2\repository\org\codehaus\woodstox\woodstox-core-asl\4.4.1\woodstox-core-asl-4.4.1.jar;C:\Users\margherita.spadoni\.m2\repository\org\codehaus\woodstox\stax2-api\3.1.4\stax2-api-3.1.4.jar;C:\Users\margherita.spadoni\.m2\repository\org\apache\ws\xmlschema\xmlschema-core\2.2.1\xmlschema-core-2.2.1.jar;C:\Users\mar
Launcher Type: SUN_STANDARD

Environment Variables:
JAVA_HOME=C:\azdev\env\java\jdk1.8.0_73
PATH=C:\azdev\env\java\jdk1.8.0_73\jre\bin;C:\azdev\env\apache-maven-3.3.9\bin;C:\ProgramData\Oracle\Java\javapath;C:\windows\system32;C:\windows;C:\windows\System32\Wbem;C:\windows\System32\WindowsPowerShell\v1.0\;C:\Users\margherita.spadoni\AppData\Local\Microsoft\WindowsApps;C:\Users\margherita.spadoni\AppData\Local\Programs\Git\cmd
USERNAME=margherita.spadoni
OS=Windows_NT
PROCESSOR_IDENTIFIER=Intel64 Family 6 Model 142 Stepping 9, GenuineIntel



---------------  S Y S T E M  ---------------

OS: Windows 10.0 , 64 bit Build 14393 (10.0.14393.1198)

CPU:total 4 (2 cores per cpu, 2 threads per core) family 6 model 142 stepping 9, cmov, cx8, fxsr, mmx, sse, sse2, sse3, ssse3, sse4.1, sse4.2, popcnt, avx, avx2, aes, clmul, erms, rtm, 3dnowpref, lzcnt, ht, tsc, tscinvbit, bmi1, bmi2, adx

Memory: 4k page, physical 8264896k(2490852k free), swap 13726212k(1709620k free)

vm_info: Java HotSpot(TM) 64-Bit Server VM (25.73-b02) for windows-amd64 JRE (1.8.0_73-b02), built on Jan 29 2016 17:38:49 by "java_re" with MS VC++ 10.0 (VS2010)

time: Tue Jan 02 12:28:14 2018
elapsed time: 443 seconds (0d 0h 7m 23s)

