#
# A fatal error has been detected by the Java Runtime Environment:
#
#  EXCEPTION_ACCESS_VIOLATION (0xc0000005) at pc=0x000000005ec78ad5, pid=18724, tid=8304
#
# JRE version: Java(TM) SE Runtime Environment (8.0_73-b02) (build 1.8.0_73-b02)
# Java VM: Java HotSpot(TM) 64-Bit Server VM (25.73-b02 mixed mode windows-amd64 compressed oops)
# Problematic frame:
# V  [jvm.dll+0x128ad5]
#
# Failed to write core dump. Minidumps are not enabled by default on client versions of Windows
#
# If you would like to submit a bug report, please visit:
#   http://bugreport.java.com/bugreport/crash.jsp
#

---------------  T H R E A D  ---------------

Current thread (0x000000001742f800):  JavaThread "JDWP Transport Listener: dt_socket" daemon [_thread_in_vm, id=8304, stack(0x0000000018b10000,0x0000000018c10000)]

siginfo: ExceptionCode=0xc0000005, reading address 0xffffffffffffffff

Registers:
RAX=0x0000000018c0f201, RBX=0x000000001742f800, RCX=0x0061006e006f0069, RDX=0x0000000000000000
RSP=0x0000000018c0f200, RBP=0x0061006e006f0069, RSI=0x0000000018c0f318, RDI=0x0000000002698310
R8 =0x000000001742f800, R9 =0x0000000000008000, R10=0x0000000000000000, R11=0x000000001a97e127
R12=0x0000000000000000, R13=0x00000000174390b8, R14=0x0000000000000000, R15=0x0000000000000000
RIP=0x000000005ec78ad5, EFLAGS=0x0000000000010206

Top of Stack: (sp=0x0000000018c0f200)
0x0000000018c0f200:   000000001742f800 000000001a0351d0
0x0000000018c0f210:   0000000018c0f2c8 000000005ee7e34b
0x0000000018c0f220:   000000001742f800 000000005ee9abad
0x0000000018c0f230:   0000000000000000 000000005ea49155
0x0000000018c0f240:   000000001b1c76e0 000000005ea5291e
0x0000000018c0f250:   000000001742f800 0000000000000000
0x0000000018c0f260:   0000000000000000 0000000000000000
0x0000000018c0f270:   0061006e006f0069 000000005ea51a15
0x0000000018c0f280:   0000000018c0f318 0000000018c0f2f0
0x0000000018c0f290:   0000000000000001 000000001b1c76e0
0x0000000018c0f2a0:   0061006e006f0069 000000005ea353b3
0x0000000018c0f2b0:   0000000018c0f3e0 0000000000000001
0x0000000018c0f2c0:   0000000000000001 000000001b1c76e0
0x0000000018c0f2d0:   0000000000000002 0000000000000000
0x0000000018c0f2e0:   0000000000000000 0000000000000000
0x0000000018c0f2f0:   0000000000000001 000000005ea35571 

Instructions: (pc=0x000000005ec78ad5)
0x000000005ec78ab5:   cc cc cc cc cc cc cc cc cc cc cc 48 83 ec 28 48
0x000000005ec78ac5:   85 c9 75 07 33 c0 48 83 c4 28 c3 48 89 5c 24 20
0x000000005ec78ad5:   48 8b 19 48 85 db 74 20 48 83 fb 37 74 1a 48 8b
0x000000005ec78ae5:   13 48 8b cb ff 52 10 84 c0 74 0d 48 8b c3 48 8b 


Register to memory mapping:

RAX=0x0000000018c0f201 is pointing into the stack for thread: 0x000000001742f800
RBX=0x000000001742f800 is a thread
RCX=0x0061006e006f0069 is an unknown value
RDX=0x0000000000000000 is an unknown value
RSP=0x0000000018c0f200 is pointing into the stack for thread: 0x000000001742f800
RBP=0x0061006e006f0069 is an unknown value
RSI=0x0000000018c0f318 is pointing into the stack for thread: 0x000000001742f800
RDI=0x0000000002698310 is an unknown value
R8 =0x000000001742f800 is a thread
R9 =0x0000000000008000 is an unknown value
R10=0x0000000000000000 is an unknown value
R11=0x000000001a97e127 is an unknown value
R12=0x0000000000000000 is an unknown value
R13=0x00000000174390b8 is an unknown value
R14=0x0000000000000000 is an unknown value
R15=0x0000000000000000 is an unknown value


Stack: [0x0000000018b10000,0x0000000018c10000],  sp=0x0000000018c0f200,  free space=1020k
Native frames: (J=compiled Java code, j=interpreted, Vv=VM code, C=native code)
V  [jvm.dll+0x128ad5]
V  [jvm.dll+0x34abad]
C  [jdwp.dll+0x21a15]
C  [jdwp.dll+0x53b3]
C  [jdwp.dll+0x5571]
C  [jdwp.dll+0xf0a8]
C  [jdwp.dll+0x1f2d5]
C  [jdwp.dll+0x1f4aa]
V  [jvm.dll+0x1bbb58]
V  [jvm.dll+0x243234]
V  [jvm.dll+0x29a10a]
C  [msvcr100.dll+0x21d9f]
C  [msvcr100.dll+0x21e3b]
C  [KERNEL32.DLL+0x8364]
C  [ntdll.dll+0x67091]


---------------  P R O C E S S  ---------------

Java Threads: ( => current thread )
  0x0000000019141800 JavaThread "Service Thread" daemon [_thread_blocked, id=16428, stack(0x0000000019510000,0x0000000019610000)]
  0x0000000017454000 JavaThread "C1 CompilerThread2" daemon [_thread_blocked, id=8764, stack(0x0000000019010000,0x0000000019110000)]
  0x0000000017452000 JavaThread "C2 CompilerThread1" daemon [_thread_blocked, id=12924, stack(0x0000000018f10000,0x0000000019010000)]
  0x000000001744d000 JavaThread "C2 CompilerThread0" daemon [_thread_blocked, id=16760, stack(0x0000000018e10000,0x0000000018f10000)]
  0x000000001743f000 JavaThread "JDWP Command Reader" daemon [_thread_in_native, id=3344, stack(0x0000000018d10000,0x0000000018e10000)]
  0x000000001743d800 JavaThread "JDWP Event Helper Thread" daemon [_thread_blocked, id=19724, stack(0x0000000018c10000,0x0000000018d10000)]
=>0x000000001742f800 JavaThread "JDWP Transport Listener: dt_socket" daemon [_thread_in_vm, id=8304, stack(0x0000000018b10000,0x0000000018c10000)]
  0x0000000017424000 JavaThread "Attach Listener" daemon [_thread_blocked, id=7792, stack(0x0000000018960000,0x0000000018a60000)]
  0x0000000017423000 JavaThread "Signal Dispatcher" daemon [_thread_blocked, id=20908, stack(0x0000000018860000,0x0000000018960000)]
  0x00000000027fb800 JavaThread "Finalizer" daemon [_thread_blocked, id=21068, stack(0x0000000018670000,0x0000000018770000)]
  0x00000000173e8800 JavaThread "Reference Handler" daemon [_thread_blocked, id=3920, stack(0x0000000018570000,0x0000000018670000)]
  0x0000000002706800 JavaThread "main" [_thread_blocked, id=16472, stack(0x0000000002540000,0x0000000002640000)]

Other Threads:
  0x00000000173e7800 VMThread [stack: 0x0000000018470000,0x0000000018570000] [id=8616]
  0x0000000019146000 WatcherThread [stack: 0x0000000019610000,0x0000000019710000] [id=20172]

VM state:not at safepoint (normal execution)

VM Mutex/Monitor currently owned by a thread: None

Heap:
 PSYoungGen      total 305664K, used 241294K [0x00000000d5580000, 0x00000000eaa80000, 0x0000000100000000)
  eden space 262144K, 92% used [0x00000000d5580000,0x00000000e4123a18,0x00000000e5580000)
  from space 43520K, 0% used [0x00000000e8000000,0x00000000e8000000,0x00000000eaa80000)
  to   space 43520K, 0% used [0x00000000e5580000,0x00000000e5580000,0x00000000e8000000)
 ParOldGen       total 699392K, used 0K [0x0000000080000000, 0x00000000aab00000, 0x00000000d5580000)
  object space 699392K, 0% used [0x0000000080000000,0x0000000080000000,0x00000000aab00000)
 Metaspace       used 13003K, capacity 13288K, committed 13440K, reserved 1060864K
  class space    used 1494K, capacity 1564K, committed 1664K, reserved 1048576K

Card table byte_map: [0x0000000011bc0000,0x0000000011fd0000] byte_map_base: 0x00000000117c0000

Marking Bits: (ParMarkBitMap*) 0x000000005f360600
 Begin Bits: [0x0000000012680000, 0x0000000014680000)
 End Bits:   [0x0000000014680000, 0x0000000016680000)

Polling page: 0x0000000000980000

CodeCache: size=245760Kb used=7821Kb max_used=7835Kb free=237938Kb
 bounds [0x0000000002800000, 0x0000000002fc0000, 0x0000000011800000]
 total_blobs=2353 nmethods=2013 adapters=260
 compilation: enabled

Compilation events (10 events):
Event: 7.481 Thread 0x0000000017454000 2057       3       org.apache.xmlbeans.impl.store.Cur::release (315 bytes)
Event: 7.482 Thread 0x0000000017452000 nmethod 2059 0x0000000002f6e6d0 code [0x0000000002f6e800, 0x0000000002f6e878]
Event: 7.482 Thread 0x0000000017454000 nmethod 2057 0x0000000002f82450 code [0x0000000002f82640, 0x0000000002f832e8]
Event: 7.482 Thread 0x000000001744d000 nmethod 2058 0x0000000002f82090 code [0x0000000002f821e0, 0x0000000002f82368]
Event: 7.482 Thread 0x0000000017454000 2060       3       org.apache.xmlbeans.impl.store.Cur::moveToCur (59 bytes)
Event: 7.483 Thread 0x0000000017452000 2061       4       org.apache.xmlbeans.impl.store.Saver::getNamespaceForPrefix (51 bytes)
Event: 7.483 Thread 0x0000000017454000 nmethod 2060 0x0000000002f81ad0 code [0x0000000002f81c40, 0x0000000002f81f98]
Event: 7.483 Thread 0x0000000017454000 2062       3       org.apache.xmlbeans.impl.store.Saver$TextSaver::isBadChar (60 bytes)
Event: 7.483 Thread 0x0000000017454000 nmethod 2062 0x0000000002f81550 code [0x0000000002f816c0, 0x0000000002f81a50]
Event: 7.492 Thread 0x0000000017452000 nmethod 2061 0x0000000002f86490 code [0x0000000002f86600, 0x0000000002f86d58]

GC Heap History (0 events):
No events

Deoptimization events (10 events):
Event: 7.475 Thread 0x0000000002706800 Uncommon trap: reason=null_check action=make_not_entrant pc=0x0000000002e662bc method=org.openxmlformats.schemas.spreadsheetml.x2006.main.impl.CTCellImpl.getT()Lorg/openxmlformats/schemas/spreadsheetml/x2006/main/STCellType$Enum; @ 25
Event: 7.475 Thread 0x0000000002706800 Uncommon trap: reason=unstable_if action=reinterpret pc=0x0000000002de33f0 method=org.apache.xmlbeans.impl.values.XmlObjectBase.check_element_dated()V @ 8
Event: 7.475 Thread 0x0000000002706800 Uncommon trap: reason=unstable_if action=reinterpret pc=0x0000000002e99084 method=org.apache.xmlbeans.impl.store.Xobj.getFirstChars()Ljava/lang/Object; @ 8
Event: 7.475 Thread 0x0000000002706800 Uncommon trap: reason=unstable_if action=reinterpret pc=0x0000000002ca5784 method=org.apache.xmlbeans.impl.store.CharUtil.getString(Ljava/lang/Object;II)Ljava/lang/String; @ 24
Event: 7.476 Thread 0x0000000002706800 Uncommon trap: reason=class_check action=maybe_recompile pc=0x0000000002ea8cd4 method=org.openxmlformats.schemas.spreadsheetml.x2006.main.impl.CTRstImpl.sizeOfRArray()I @ 18
Event: 7.478 Thread 0x0000000002706800 Uncommon trap: reason=class_check action=maybe_recompile pc=0x0000000002e77ae0 method=org.openxmlformats.schemas.spreadsheetml.x2006.main.impl.CTRstImpl.sizeOfRArray()I @ 18
Event: 7.478 Thread 0x0000000002706800 Uncommon trap: reason=class_check action=maybe_recompile pc=0x0000000002e77ae0 method=org.openxmlformats.schemas.spreadsheetml.x2006.main.impl.CTRstImpl.sizeOfRArray()I @ 18
Event: 7.478 Thread 0x0000000002706800 Uncommon trap: reason=class_check action=maybe_recompile pc=0x0000000002ea8cd4 method=org.openxmlformats.schemas.spreadsheetml.x2006.main.impl.CTRstImpl.sizeOfRArray()I @ 18
Event: 7.479 Thread 0x0000000002706800 Uncommon trap: reason=unstable_if action=reinterpret pc=0x0000000002c99748 method=org.apache.xmlbeans.impl.store.Xobj.getChars(II)Ljava/lang/Object; @ 29
Event: 7.481 Thread 0x0000000002706800 Uncommon trap: reason=class_check action=maybe_recompile pc=0x0000000002e77ae0 method=org.openxmlformats.schemas.spreadsheetml.x2006.main.impl.CTRstImpl.sizeOfRArray()I @ 18

Internal exceptions (10 events):
Event: 0.655 Thread 0x0000000002706800 Exception <a 'java/security/PrivilegedActionException'> (0x00000000d799c8f0) thrown at [D:\re\puppet\workspace\8-2-build-windows-amd64-cygwin\jdk8u73\6086\hotspot\src\share\vm\prims\jvm.cpp, line 1386]
Event: 0.655 Thread 0x0000000002706800 Exception <a 'java/security/PrivilegedActionException'> (0x00000000d799cce8) thrown at [D:\re\puppet\workspace\8-2-build-windows-amd64-cygwin\jdk8u73\6086\hotspot\src\share\vm\prims\jvm.cpp, line 1386]
Event: 0.655 Thread 0x0000000002706800 Exception <a 'java/security/PrivilegedActionException'> (0x00000000d79a7fb0) thrown at [D:\re\puppet\workspace\8-2-build-windows-amd64-cygwin\jdk8u73\6086\hotspot\src\share\vm\prims\jvm.cpp, line 1386]
Event: 0.655 Thread 0x0000000002706800 Exception <a 'java/security/PrivilegedActionException'> (0x00000000d79a83a8) thrown at [D:\re\puppet\workspace\8-2-build-windows-amd64-cygwin\jdk8u73\6086\hotspot\src\share\vm\prims\jvm.cpp, line 1386]
Event: 0.655 Thread 0x0000000002706800 Exception <a 'java/security/PrivilegedActionException'> (0x00000000d79b3948) thrown at [D:\re\puppet\workspace\8-2-build-windows-amd64-cygwin\jdk8u73\6086\hotspot\src\share\vm\prims\jvm.cpp, line 1386]
Event: 0.655 Thread 0x0000000002706800 Exception <a 'java/security/PrivilegedActionException'> (0x00000000d79b3d40) thrown at [D:\re\puppet\workspace\8-2-build-windows-amd64-cygwin\jdk8u73\6086\hotspot\src\share\vm\prims\jvm.cpp, line 1386]
Event: 1.014 Thread 0x0000000002706800 Implicit null exception at 0x0000000002be7cd0 to 0x0000000002be7e31
Event: 1.327 Thread 0x0000000002706800 Exception <a 'java/lang/NoSuchFieldError': method resolution failed> (0x00000000db0b5b98) thrown at [D:\re\puppet\workspace\8-2-build-windows-amd64-cygwin\jdk8u73\6086\hotspot\src\share\vm\prims\methodHandles.cpp, line 1146]
Event: 1.333 Thread 0x0000000002706800 Exception <a 'java/lang/NoSuchFieldError': method resolution failed> (0x00000000db0c2e88) thrown at [D:\re\puppet\workspace\8-2-build-windows-amd64-cygwin\jdk8u73\6086\hotspot\src\share\vm\prims\methodHandles.cpp, line 1146]
Event: 1.459 Thread 0x0000000002706800 Implicit null exception at 0x0000000002cc527c to 0x0000000002cc53fd

Events (10 events):
Event: 3798.498 Executing VM operation: RedefineClasses
Event: 3798.512 Executing VM operation: RedefineClasses done
Event: 3798.523 Executing VM operation: ChangeBreakpoints
Event: 3798.524 Executing VM operation: ChangeBreakpoints done
Event: 3798.810 Executing VM operation: GetOrSetLocal
Event: 3798.810 Executing VM operation: GetOrSetLocal done
Event: 3798.810 Executing VM operation: GetOrSetLocal
Event: 3798.811 Executing VM operation: GetOrSetLocal done
Event: 4053.716 Executing VM operation: RedefineClasses
Event: 4053.727 Executing VM operation: RedefineClasses done


Dynamic libraries:
0x00007ff7ac270000 - 0x00007ff7ac2a7000 	C:\azdev\env\java\jdk1.8.0_73\bin\javaw.exe
0x00007ffcb8370000 - 0x00007ffcb8542000 	C:\windows\SYSTEM32\ntdll.dll
0x00007ffcb8190000 - 0x00007ffcb823c000 	C:\windows\System32\KERNEL32.DLL
0x00007ffcb5610000 - 0x00007ffcb582d000 	C:\windows\System32\KERNELBASE.dll
0x0000000060560000 - 0x00000000605e9000 	C:\windows\System32\SYSFER.DLL
0x00007ffcb5c70000 - 0x00007ffcb5d12000 	C:\windows\System32\ADVAPI32.dll
0x00007ffcb5a70000 - 0x00007ffcb5b0e000 	C:\windows\System32\msvcrt.dll
0x00007ffcb5c10000 - 0x00007ffcb5c69000 	C:\windows\System32\sechost.dll
0x00007ffcb6150000 - 0x00007ffcb6271000 	C:\windows\System32\RPCRT4.dll
0x00007ffcb5900000 - 0x00007ffcb5a65000 	C:\windows\System32\USER32.dll
0x00007ffcb58e0000 - 0x00007ffcb58fe000 	C:\windows\System32\win32u.dll
0x00007ffcb8240000 - 0x00007ffcb8274000 	C:\windows\System32\GDI32.dll
0x00007ffcb53d0000 - 0x00007ffcb5550000 	C:\windows\System32\gdi32full.dll
0x00007ffca8ba0000 - 0x00007ffca8e1a000 	C:\windows\WinSxS\amd64_microsoft.windows.common-controls_6595b64144ccf1df_6.0.14393.953_none_42151e83c686086b\COMCTL32.dll
0x00007ffcb6280000 - 0x00007ffcb6548000 	C:\windows\System32\combase.dll
0x00007ffcb4aa0000 - 0x00007ffcb4b95000 	C:\windows\System32\ucrtbase.dll
0x00007ffcb55a0000 - 0x00007ffcb560a000 	C:\windows\System32\bcryptPrimitives.dll
0x00007ffcb8160000 - 0x00007ffcb818e000 	C:\windows\System32\IMM32.DLL
0x00007ffcb4510000 - 0x00007ffcb467b000 	C:\Program Files\Avecto\Privilege Guard Client\PGHook.dll
0x00007ffcb44f0000 - 0x00007ffcb4507000 	C:\windows\SYSTEM32\CRYPTSP.dll
0x00007ffcb44b0000 - 0x00007ffcb44e3000 	C:\windows\system32\rsaenh.dll
0x00007ffcb4680000 - 0x00007ffcb46ab000 	C:\windows\SYSTEM32\bcrypt.dll
0x00007ffcb44a0000 - 0x00007ffcb44ab000 	C:\windows\SYSTEM32\CRYPTBASE.dll
0x00007ffcb8280000 - 0x00007ffcb8288000 	C:\windows\System32\PSAPI.DLL
0x0000000068000000 - 0x0000000068057000 	C:\windows\System32\QIPCAP64.dll
0x00007ffcb6be0000 - 0x00007ffcb80e8000 	C:\windows\System32\SHELL32.dll
0x00007ffcb5550000 - 0x00007ffcb5592000 	C:\windows\System32\cfgmgr32.dll
0x00007ffcb4c40000 - 0x00007ffcb531a000 	C:\windows\System32\windows.storage.dll
0x00007ffcb4800000 - 0x00007ffcb484c000 	C:\windows\System32\powrprof.dll
0x00007ffcb6850000 - 0x00007ffcb68a2000 	C:\windows\System32\shlwapi.dll
0x00007ffcb4860000 - 0x00007ffcb486f000 	C:\windows\System32\kernel.appcore.dll
0x00007ffcb5320000 - 0x00007ffcb53c9000 	C:\windows\System32\shcore.dll
0x00007ffcb47e0000 - 0x00007ffcb47f4000 	C:\windows\System32\profapi.dll
0x00007ffcb3d20000 - 0x00007ffcb3dc1000 	C:\windows\SYSTEM32\DNSAPI.dll
0x00007ffcb80f0000 - 0x00007ffcb815a000 	C:\windows\System32\WS2_32.dll
0x00007ffcb6950000 - 0x00007ffcb6958000 	C:\windows\System32\NSI.dll
0x00007ffcb3ce0000 - 0x00007ffcb3d18000 	C:\windows\SYSTEM32\IPHLPAPI.DLL
0x000000005f670000 - 0x000000005f742000 	C:\azdev\env\java\jdk1.8.0_73\jre\bin\msvcr100.dll
0x000000005eb50000 - 0x000000005f3e0000 	C:\azdev\env\java\jdk1.8.0_73\jre\bin\server\jvm.dll
0x00007ffca3cf0000 - 0x00007ffca3cf9000 	C:\windows\SYSTEM32\WSOCK32.dll
0x00007ffcb2750000 - 0x00007ffcb2773000 	C:\windows\SYSTEM32\WINMM.dll
0x00007ffca6070000 - 0x00007ffca607a000 	C:\windows\SYSTEM32\VERSION.dll
0x00007ffcb24a0000 - 0x00007ffcb24cb000 	C:\windows\SYSTEM32\WINMMBASE.dll
0x000000005f660000 - 0x000000005f66f000 	C:\azdev\env\java\jdk1.8.0_73\jre\bin\verify.dll
0x000000005f630000 - 0x000000005f659000 	C:\azdev\env\java\jdk1.8.0_73\jre\bin\java.dll
0x000000005ea30000 - 0x000000005ea65000 	C:\azdev\env\java\jdk1.8.0_73\jre\bin\jdwp.dll
0x000000005f3e0000 - 0x000000005f3e8000 	C:\azdev\env\java\jdk1.8.0_73\jre\bin\npt.dll
0x000000005f610000 - 0x000000005f626000 	C:\azdev\env\java\jdk1.8.0_73\jre\bin\zip.dll
0x00007ffc947a0000 - 0x00007ffc94802000 	C:\Program Files\Manufacturer\Endpoint Agent\prntm64.dll
0x000000001c660000 - 0x000000001c798000 	C:\windows\System32\ole32.dll
0x00007ffcb1780000 - 0x00007ffcb178c000 	C:\windows\SYSTEM32\Secur32.dll
0x00007ffca5e50000 - 0x00007ffca5ed6000 	C:\windows\SYSTEM32\WINSPOOL.DRV
0x00000000603f0000 - 0x0000000060488000 	C:\windows\SYSTEM32\MSVCP100.dll
0x00007ffcb42d0000 - 0x00007ffcb42fc000 	C:\windows\SYSTEM32\SSPICLI.DLL
0x000000005ea20000 - 0x000000005ea29000 	C:\azdev\env\java\jdk1.8.0_73\jre\bin\dt_socket.dll
0x00007ffc93700000 - 0x00007ffc93716000 	C:\windows\system32\napinsp.dll
0x00007ffc94690000 - 0x00007ffc946aa000 	C:\windows\system32\pnrpnsp.dll
0x00007ffcb2480000 - 0x00007ffcb2498000 	C:\windows\system32\NLAapi.dll
0x00007ffcb3f60000 - 0x00007ffcb3fbc000 	C:\windows\System32\mswsock.dll
0x00007ffc95710000 - 0x00007ffc9571e000 	C:\windows\System32\winrnr.dll
0x00007ffc946b0000 - 0x00007ffc946c5000 	C:\windows\System32\wshbth.dll
0x00000000602c0000 - 0x00000000602e6000 	C:\Program Files\Bonjour\mdnsNSP.dll
0x00007ffcabc10000 - 0x00007ffcabc7a000 	C:\windows\System32\fwpuclnt.dll
0x00007ffca00e0000 - 0x00007ffca00ea000 	C:\Windows\System32\rasadhlp.dll
0x00007ffcb02a0000 - 0x00007ffcb0432000 	C:\windows\SYSTEM32\dbghelp.dll

VM Arguments:
jvm_args: -agentlib:jdwp=transport=dt_socket,suspend=y,address=localhost:49293 -Xmx2048m -Xms1024m -Dfile.encoding=UTF-8 
java_command: com.accenture.analisifunzionale.AnalisiFunzionaleApplication
java_class_path (initial): C:\Users\margherita.spadoni\com-acn-analisi-mapping\analisi-funzionale\target\classes;C:\Users\margherita.spadoni\.m2\repository\org\apache\cxf\cxf-spring-boot-starter-jaxrs\3.1.11\cxf-spring-boot-starter-jaxrs-3.1.11.jar;C:\Users\margherita.spadoni\.m2\repository\org\springframework\boot\spring-boot-starter\1.4.7.RELEASE\spring-boot-starter-1.4.7.RELEASE.jar;C:\Users\margherita.spadoni\.m2\repository\org\springframework\boot\spring-boot\1.4.7.RELEASE\spring-boot-1.4.7.RELEASE.jar;C:\Users\margherita.spadoni\.m2\repository\org\springframework\boot\spring-boot-autoconfigure\1.4.7.RELEASE\spring-boot-autoconfigure-1.4.7.RELEASE.jar;C:\Users\margherita.spadoni\.m2\repository\org\springframework\boot\spring-boot-starter-logging\1.4.7.RELEASE\spring-boot-starter-logging-1.4.7.RELEASE.jar;C:\Users\margherita.spadoni\.m2\repository\ch\qos\logback\logback-classic\1.1.11\logback-classic-1.1.11.jar;C:\Users\margherita.spadoni\.m2\repository\ch\qos\logback\logback-core\1.1.11\logback-core-1.1.11.jar;C:\Users\margherita.spadoni\.m2\repository\org\slf4j\jul-to-slf4j\1.7.25\jul-to-slf4j-1.7.25.jar;C:\Users\margherita.spadoni\.m2\repository\org\slf4j\log4j-over-slf4j\1.7.25\log4j-over-slf4j-1.7.25.jar;C:\Users\margherita.spadoni\.m2\repository\org\yaml\snakeyaml\1.17\snakeyaml-1.17.jar;C:\Users\margherita.spadoni\.m2\repository\org\apache\cxf\cxf-spring-boot-autoconfigure\3.1.11\cxf-spring-boot-autoconfigure-3.1.11.jar;C:\Users\margherita.spadoni\.m2\repository\org\apache\cxf\cxf-rt-transports-http\3.1.11\cxf-rt-transports-http-3.1.11.jar;C:\Users\margherita.spadoni\.m2\repository\org\apache\cxf\cxf-core\3.1.11\cxf-core-3.1.11.jar;C:\Users\margherita.spadoni\.m2\repository\org\codehaus\woodstox\woodstox-core-asl\4.4.1\woodstox-core-asl-4.4.1.jar;C:\Users\margherita.spadoni\.m2\repository\org\codehaus\woodstox\stax2-api\3.1.4\stax2-api-3.1.4.jar;C:\Users\margherita.spadoni\.m2\repository\org\apache\ws\xmlschema\xmlschema-core\2.2.1\xmlschema-core-2.2.1.
Launcher Type: SUN_STANDARD

Environment Variables:
JAVA_HOME=C:\azdev\env\java\jdk1.8.0_73
PATH=C:\azdev\env\java\jdk1.8.0_73\jre\bin;C:\azdev\env\apache-maven-3.3.9\bin;C:\ProgramData\Oracle\Java\javapath;C:\windows\system32;C:\windows;C:\windows\System32\Wbem;C:\windows\System32\WindowsPowerShell\v1.0\;C:\Users\margherita.spadoni\AppData\Local\Microsoft\WindowsApps;C:\Users\margherita.spadoni\AppData\Local\Programs\Git\cmd
USERNAME=margherita.spadoni
OS=Windows_NT
PROCESSOR_IDENTIFIER=Intel64 Family 6 Model 142 Stepping 9, GenuineIntel



---------------  S Y S T E M  ---------------

OS: Windows 10.0 , 64 bit Build 14393 (10.0.14393.1198)

CPU:total 4 (2 cores per cpu, 2 threads per core) family 6 model 142 stepping 9, cmov, cx8, fxsr, mmx, sse, sse2, sse3, ssse3, sse4.1, sse4.2, popcnt, avx, avx2, aes, clmul, erms, rtm, 3dnowpref, lzcnt, ht, tsc, tscinvbit, bmi1, bmi2, adx

Memory: 4k page, physical 8264896k(2870284k free), swap 15892032k(3181528k free)

vm_info: Java HotSpot(TM) 64-Bit Server VM (25.73-b02) for windows-amd64 JRE (1.8.0_73-b02), built on Jan 29 2016 17:38:49 by "java_re" with MS VC++ 10.0 (VS2010)

time: Fri Jan 05 15:52:00 2018
elapsed time: 4053 seconds (0d 1h 7m 33s)

